<?xml version="1.0" encoding="UTF-8"?>
<testsuite name="com.tetris.logic.BoardTest" tests="4" skipped="0" failures="0" errors="0" timestamp="2024-05-04T14:26:17" hostname="sinmingyuui-MacBookPro.local" time="0.002">
  <properties/>
  <testcase name="clearBoard()" classname="com.tetris.logic.BoardTest" time="0.0"/>
  <testcase name="getHeight()" classname="com.tetris.logic.BoardTest" time="0.0"/>
  <testcase name="getBoard()" classname="com.tetris.logic.BoardTest" time="0.0"/>
  <testcase name="getWidth()" classname="com.tetris.logic.BoardTest" time="0.0"/>
  <system-out><![CDATA[]]></system-out>
  <system-err><![CDATA[]]></system-err>
</testsuite>
