<?xml version="1.0" encoding="UTF-8"?>
<testsuite name="com.tetris.model.WeightItemBlockTest" tests="2" skipped="0" failures="0" errors="0" timestamp="2024-05-04T18:15:20" hostname="sinmingyuui-MacBookPro.local" time="0.0">
  <properties/>
  <testcase name="rotate_doesNothing()" classname="com.tetris.model.WeightItemBlockTest" time="0.0"/>
  <testcase name="rotateBack_doesNothing()" classname="com.tetris.model.WeightItemBlockTest" time="0.0"/>
  <system-out><![CDATA[]]></system-out>
  <system-err><![CDATA[]]></system-err>
</testsuite>
