<?xml version="1.0" encoding="UTF-8"?>
<testsuite name="com.tetris.ui.ScoreboardScreenTest" tests="4" skipped="0" failures="0" errors="0" timestamp="2024-05-04T18:15:23" hostname="sinmingyuui-MacBookPro.local" time="0.624">
  <properties/>
  <testcase name="keyListener_Game()" classname="com.tetris.ui.ScoreboardScreenTest" time="0.177"/>
  <testcase name="keyListener_Menu()" classname="com.tetris.ui.ScoreboardScreenTest" time="0.161"/>
  <testcase name="actionPerformed_Game()" classname="com.tetris.ui.ScoreboardScreenTest" time="0.153"/>
  <testcase name="actionPerformed_Menu()" classname="com.tetris.ui.ScoreboardScreenTest" time="0.132"/>
  <system-out><![CDATA[]]></system-out>
  <system-err><![CDATA[]]></system-err>
</testsuite>
