<?xml version="1.0" encoding="UTF-8"?>
<testsuite name="com.tetris.logic.GameControllerTest" tests="3" skipped="0" failures="0" errors="0" timestamp="2024-05-04T14:26:17" hostname="sinmingyuui-MacBookPro.local" time="0.067">
  <properties/>
  <testcase name="speedUp()" classname="com.tetris.logic.GameControllerTest" time="0.026"/>
  <testcase name="onResumeGame()" classname="com.tetris.logic.GameControllerTest" time="0.028"/>
  <testcase name="onHideFrame()" classname="com.tetris.logic.GameControllerTest" time="0.012"/>
  <system-out><![CDATA[]]></system-out>
  <system-err><![CDATA[]]></system-err>
</testsuite>
