<?xml version="1.0" encoding="UTF-8"?>
<testsuite name="com.tetris.logic.SettingControllerTest" tests="23" skipped="0" failures="0" errors="0" timestamp="2024-05-04T14:26:18" hostname="sinmingyuui-MacBookPro.local" time="0.129">
  <properties/>
  <testcase name="getBlockSize_big()" classname="com.tetris.logic.SettingControllerTest" time="0.02"/>
  <testcase name="setColorBlindMode()" classname="com.tetris.logic.SettingControllerTest" time="0.003"/>
  <testcase name="setKeyCodes()" classname="com.tetris.logic.SettingControllerTest" time="0.006"/>
  <testcase name="setKeyShape()" classname="com.tetris.logic.SettingControllerTest" time="0.008"/>
  <testcase name="getKeyCodes()" classname="com.tetris.logic.SettingControllerTest" time="0.007"/>
  <testcase name="getKeyShape()" classname="com.tetris.logic.SettingControllerTest" time="0.003"/>
  <testcase name="getMessageSize_small()" classname="com.tetris.logic.SettingControllerTest" time="0.004"/>
  <testcase name="getBlockSize_medium()" classname="com.tetris.logic.SettingControllerTest" time="0.003"/>
  <testcase name="getScreenSize()" classname="com.tetris.logic.SettingControllerTest" time="0.003"/>
  <testcase name="getScoreSize_big()" classname="com.tetris.logic.SettingControllerTest" time="0.004"/>
  <testcase name="getCellSize_big()" classname="com.tetris.logic.SettingControllerTest" time="0.003"/>
  <testcase name="initializeSettings()" classname="com.tetris.logic.SettingControllerTest" time="0.005"/>
  <testcase name="getCellSize_medium()" classname="com.tetris.logic.SettingControllerTest" time="0.005"/>
  <testcase name="getScoreSize_small()" classname="com.tetris.logic.SettingControllerTest" time="0.008"/>
  <testcase name="getBlockSize_small()" classname="com.tetris.logic.SettingControllerTest" time="0.01"/>
  <testcase name="getMessageSize_big()" classname="com.tetris.logic.SettingControllerTest" time="0.005"/>
  <testcase name="saveSettings()" classname="com.tetris.logic.SettingControllerTest" time="0.004"/>
  <testcase name="initializeKeySettings()" classname="com.tetris.logic.SettingControllerTest" time="0.003"/>
  <testcase name="getDifficulty()" classname="com.tetris.logic.SettingControllerTest" time="0.002"/>
  <testcase name="getMessageSize_medium()" classname="com.tetris.logic.SettingControllerTest" time="0.009"/>
  <testcase name="getScoreSize_medium()" classname="com.tetris.logic.SettingControllerTest" time="0.002"/>
  <testcase name="getColorMode()" classname="com.tetris.logic.SettingControllerTest" time="0.003"/>
  <testcase name="getCellSize_small()" classname="com.tetris.logic.SettingControllerTest" time="0.003"/>
  <system-out><![CDATA[]]></system-out>
  <system-err><![CDATA[]]></system-err>
</testsuite>
