<?xml version="1.0" encoding="UTF-8"?>
<testsuite name="com.tetris.ui.ScoreboardScreenTest" tests="4" skipped="0" failures="0" errors="0" timestamp="2024-05-04T14:26:20" hostname="sinmingyuui-MacBookPro.local" time="0.642">
  <properties/>
  <testcase name="keyListener_Game()" classname="com.tetris.ui.ScoreboardScreenTest" time="0.148"/>
  <testcase name="keyListener_Menu()" classname="com.tetris.ui.ScoreboardScreenTest" time="0.227"/>
  <testcase name="actionPerformed_Game()" classname="com.tetris.ui.ScoreboardScreenTest" time="0.131"/>
  <testcase name="actionPerformed_Menu()" classname="com.tetris.ui.ScoreboardScreenTest" time="0.134"/>
  <system-out><![CDATA[]]></system-out>
  <system-err><![CDATA[]]></system-err>
</testsuite>
