<?xml version="1.0" encoding="UTF-8"?>
<testsuite name="com.tetris.model.BombItemBlockTest" tests="3" skipped="0" failures="0" errors="0" timestamp="2024-05-04T14:26:18" hostname="sinmingyuui-MacBookPro.local" time="0.001">
  <properties/>
  <testcase name="testRotate_doesNothing()" classname="com.tetris.model.BombItemBlockTest" time="0.001"/>
  <testcase name="testBlockShapeAndColor()" classname="com.tetris.model.BombItemBlockTest" time="0.0"/>
  <testcase name="testRotateBack_doesNothing()" classname="com.tetris.model.BombItemBlockTest" time="0.0"/>
  <system-out><![CDATA[]]></system-out>
  <system-err><![CDATA[]]></system-err>
</testsuite>
