<?xml version="1.0" encoding="UTF-8"?>
<testsuite name="com.tetris.ui.MainMenuScreenTest" tests="2" skipped="0" failures="0" errors="0" timestamp="2024-05-04T18:15:21" hostname="sinmingyuui-MacBookPro.local" time="0.728">
  <properties/>
  <testcase name="actionPerformedTest()" classname="com.tetris.ui.MainMenuScreenTest" time="0.507"/>
  <testcase name="keyListenerTest()" classname="com.tetris.ui.MainMenuScreenTest" time="0.221"/>
  <system-out><![CDATA[Timer executed
]]></system-out>
  <system-err><![CDATA[]]></system-err>
</testsuite>
