<?xml version="1.0" encoding="UTF-8"?>
<testsuite name="com.tetris.ui.PauseScreenCallbackTest" tests="2" skipped="0" failures="0" errors="0" timestamp="2024-05-04T14:26:19" hostname="sinmingyuui-MacBookPro.local" time="0.002">
  <properties/>
  <testcase name="onResumeGame()" classname="com.tetris.ui.PauseScreenCallbackTest" time="0.001"/>
  <testcase name="onHideFrame()" classname="com.tetris.ui.PauseScreenCallbackTest" time="0.0"/>
  <system-out><![CDATA[]]></system-out>
  <system-err><![CDATA[]]></system-err>
</testsuite>
