<?xml version="1.0" encoding="UTF-8"?>
<testsuite name="com.tetris.component.ScreenSizeTest" tests="1" skipped="0" failures="0" errors="0" timestamp="2024-05-04T18:15:20" hostname="sinmingyuui-MacBookPro.local" time="0.004">
  <properties/>
  <testcase name="setWidthHeight()" classname="com.tetris.component.ScreenSizeTest" time="0.004"/>
  <system-out><![CDATA[]]></system-out>
  <system-err><![CDATA[]]></system-err>
</testsuite>
