<?xml version="1.0" encoding="UTF-8"?>
<testsuite name="com.tetris.component.PanelTest" tests="1" skipped="0" failures="0" errors="0" timestamp="2024-05-04T14:26:17" hostname="sinmingyuui-MacBookPro.local" time="0.006">
  <properties/>
  <testcase name="createPanel()" classname="com.tetris.component.PanelTest" time="0.006"/>
  <system-out><![CDATA[]]></system-out>
  <system-err><![CDATA[]]></system-err>
</testsuite>
