<?xml version="1.0" encoding="UTF-8"?>
<testsuite name="com.tetris.ui.DifficultyScreenTest" tests="5" skipped="0" failures="0" errors="0" timestamp="2024-05-04T18:15:20" hostname="sinmingyuui-MacBookPro.local" time="0.691">
  <properties/>
  <testcase name="actionPerformed_normal()" classname="com.tetris.ui.DifficultyScreenTest" time="0.235"/>
  <testcase name="actionPerformed_easy()" classname="com.tetris.ui.DifficultyScreenTest" time="0.103"/>
  <testcase name="actionPerformed_hard()" classname="com.tetris.ui.DifficultyScreenTest" time="0.098"/>
  <testcase name="actionPerformed_menu()" classname="com.tetris.ui.DifficultyScreenTest" time="0.147"/>
  <testcase name="keyListener_enter()" classname="com.tetris.ui.DifficultyScreenTest" time="0.105"/>
  <system-out><![CDATA[]]></system-out>
  <system-err><![CDATA[]]></system-err>
</testsuite>
