<?xml version="1.0" encoding="UTF-8"?>
<testsuite name="com.tetris.logic.ScoreControllerTest" tests="6" skipped="0" failures="0" errors="0" timestamp="2024-05-04T18:15:20" hostname="sinmingyuui-MacBookPro.local" time="0.016">
  <properties/>
  <testcase name="isScoreInTop10()" classname="com.tetris.logic.ScoreControllerTest" time="0.006"/>
  <testcase name="addScore()" classname="com.tetris.logic.ScoreControllerTest" time="0.001"/>
  <testcase name="isScoreInTop10_withLessThen10Scores()" classname="com.tetris.logic.ScoreControllerTest" time="0.001"/>
  <testcase name="resetScores()" classname="com.tetris.logic.ScoreControllerTest" time="0.0"/>
  <testcase name="getScores()" classname="com.tetris.logic.ScoreControllerTest" time="0.002"/>
  <testcase name="addScore_largerThen10()" classname="com.tetris.logic.ScoreControllerTest" time="0.003"/>
  <system-out><![CDATA[]]></system-out>
  <system-err><![CDATA[]]></system-err>
</testsuite>
