<?xml version="1.0" encoding="UTF-8"?>
<testsuite name="com.tetris.model.DirectionTest" tests="3" skipped="0" failures="0" errors="0" timestamp="2024-05-04T14:26:18" hostname="sinmingyuui-MacBookPro.local" time="0.005">
  <properties/>
  <testcase name="testValueOf()" classname="com.tetris.model.DirectionTest" time="0.003"/>
  <testcase name="testValueOf_invalidDirection_throwsIllegalArgumentException()" classname="com.tetris.model.DirectionTest" time="0.001"/>
  <testcase name="testValues()" classname="com.tetris.model.DirectionTest" time="0.0"/>
  <system-out><![CDATA[]]></system-out>
  <system-err><![CDATA[]]></system-err>
</testsuite>
